<?xml version="1.0" encoding="UTF-8"?>
<testsuite xmlns:xsi="http://www.w3.org/2001/XMLSchema-instance" xsi:noNamespaceSchemaLocation="https://maven.apache.org/surefire/maven-surefire-plugin/xsd/surefire-test-report-3.0.xsd" version="3.0" name="com.neotech.runners.RegressionRunner" time="134.053" tests="6" errors="2" skipped="0" failures="0">
  <properties>
[...]
</properties>
  <testcase name="Add and Modify Employee Details #1" classname="Add Employee With Personal Details" time="44.564">
    <error message="no such element: Unable to locate element: {&quot;method&quot;:&quot;xpath&quot;,&quot;selector&quot;:&quot;//span[@text()=&apos;Male&apos;]&quot;}&#10;  (Session info: chrome=110.0.5481.100)&#10;For documentation on this error, please visit: https://selenium.dev/exceptions/#no_such_element&#10;Build info: version: &apos;4.8.0&apos;, revision: &apos;267030adea&apos;&#10;System info: os.name: &apos;Mac OS X&apos;, os.arch: &apos;x86_64&apos;, os.version: &apos;13.2.1&apos;, java.version: &apos;17.0.4&apos;&#10;Driver info: org.openqa.selenium.chrome.ChromeDriver&#10;Command: [98f803d2e7d96d5ab9cd3f7d1ed71e2d, findElement {using=xpath, value=//span[@text()=&apos;Male&apos;]}]&#10;Capabilities {acceptInsecureCerts: false, browserName: chrome, browserVersion: 110.0.5481.100, chrome: {chromedriverVersion: 110.0.5481.77 (65ed616c6e8e..., userDataDir: /var/folders/r7/gt5j4yqj5tz...}, goog:chromeOptions: {debuggerAddress: localhost:62838}, networkConnectionEnabled: false, pageLoadStrategy: normal, platformName: MAC, proxy: Proxy(), se:cdp: ws://localhost:62838/devtoo..., se:cdpVersion: 110.0.5481.100, setWindowRect: true, strictFileInteractability: false, timeouts: {implicit: 0, pageLoad: 300000, script: 30000}, unhandledPromptBehavior: dismiss and notify, webauthn:extension:credBlob: true, webauthn:extension:largeBlob: true, webauthn:virtualAuthenticators: true}&#10;Session ID: 98f803d2e7d96d5ab9cd3f7d1ed71e2d" type="org.openqa.selenium.NoSuchElementException"><![CDATA[org.openqa.selenium.NoSuchElementException: 
no such element: Unable to locate element: {"method":"xpath","selector":"//span[@text()='Male']"}
  (Session info: chrome=110.0.5481.100)
For documentation on this error, please visit: https://selenium.dev/exceptions/#no_such_element
Build info: version: '4.8.0', revision: '267030adea'
System info: os.name: 'Mac OS X', os.arch: 'x86_64', os.version: '13.2.1', java.version: '17.0.4'
Driver info: org.openqa.selenium.chrome.ChromeDriver
Command: [98f803d2e7d96d5ab9cd3f7d1ed71e2d, findElement {using=xpath, value=//span[@text()='Male']}]
Capabilities {acceptInsecureCerts: false, browserName: chrome, browserVersion: 110.0.5481.100, chrome: {chromedriverVersion: 110.0.5481.77 (65ed616c6e8e..., userDataDir: /var/folders/r7/gt5j4yqj5tz...}, goog:chromeOptions: {debuggerAddress: localhost:62838}, networkConnectionEnabled: false, pageLoadStrategy: normal, platformName: MAC, proxy: Proxy(), se:cdp: ws://localhost:62838/devtoo..., se:cdpVersion: 110.0.5481.100, setWindowRect: true, strictFileInteractability: false, timeouts: {implicit: 0, pageLoad: 300000, script: 30000}, unhandledPromptBehavior: dismiss and notify, webauthn:extension:credBlob: true, webauthn:extension:largeBlob: true, webauthn:virtualAuthenticators: true}
Session ID: 98f803d2e7d96d5ab9cd3f7d1ed71e2d
	at java.base/jdk.internal.reflect.NativeConstructorAccessorImpl.newInstance0(Native Method)
	at java.base/jdk.internal.reflect.NativeConstructorAccessorImpl.newInstance(NativeConstructorAccessorImpl.java:77)
	at java.base/jdk.internal.reflect.DelegatingConstructorAccessorImpl.newInstance(DelegatingConstructorAccessorImpl.java:45)
	at java.base/java.lang.reflect.Constructor.newInstanceWithCaller(Constructor.java:499)
	at java.base/java.lang.reflect.Constructor.newInstance(Constructor.java:480)
	at org.openqa.selenium.remote.codec.w3c.W3CHttpResponseCodec.createException(W3CHttpResponseCodec.java:200)
	at org.openqa.selenium.remote.codec.w3c.W3CHttpResponseCodec.decode(W3CHttpResponseCodec.java:133)
	at org.openqa.selenium.remote.codec.w3c.W3CHttpResponseCodec.decode(W3CHttpResponseCodec.java:53)
	at org.openqa.selenium.remote.HttpCommandExecutor.execute(HttpCommandExecutor.java:184)
	at org.openqa.selenium.remote.service.DriverCommandExecutor.invokeExecute(DriverCommandExecutor.java:167)
	at org.openqa.selenium.remote.service.DriverCommandExecutor.execute(DriverCommandExecutor.java:142)
	at org.openqa.selenium.remote.RemoteWebDriver.execute(RemoteWebDriver.java:543)
	at org.openqa.selenium.remote.ElementLocation$ElementFinder$2.findElement(ElementLocation.java:162)
	at org.openqa.selenium.remote.ElementLocation.findElement(ElementLocation.java:60)
	at org.openqa.selenium.remote.RemoteWebDriver.findElement(RemoteWebDriver.java:352)
	at org.openqa.selenium.remote.RemoteWebDriver.findElement(RemoteWebDriver.java:344)
	at com.neotech.steps.PersonalDetailsSteps.i_am_able_to_modify_employee_details(PersonalDetailsSteps.java:27)
	at ✽.I am able to modify Employee Details "N78787886", "2024-02-08", "No", "Male", "Argentinean"(file:///Users/kerimca/eclipse-workspace/KerimCucumberFramework4/src/test/resources/features/AddEmployeeWithPersonalDetails.feature:13)
]]></error>
    <system-out><![CDATA[
@HW4 @regression
Scenario Outline: Add and Modify Employee Details                                                  # src/test/resources/features/AddEmployeeWithPersonalDetails.feature:18
  Given user is logged in with valid credentials                                                   # com.neotech.steps.LoginSteps.user_is_logged_in_with_valid_credentials()
  And user navigates to AddEmployee page                                                           # com.neotech.steps.AddEmployeeSteps.user_navigates_to_add_employee_page()
  When user enters employee first name "KKLionel" and last name "Messi"                            # com.neotech.steps.AddEmployeeSteps.user_enters_employee_first_name_and_last_name(java.lang.String,java.lang.String)
  And user selects a location                                                                      # com.neotech.steps.AddEmployeeSteps.user_selects_a_location()
  And user clicks on save button                                                                   # com.neotech.steps.AddEmployeeSteps.user_clicks_on_save_button()
  Then I am able to modify Employee Details "N78787886", "2024-02-08", "No", "Male", "Argentinean" # com.neotech.steps.PersonalDetailsSteps.i_am_able_to_modify_employee_details(java.lang.String,java.lang.String,java.lang.String,java.lang.String,java.lang.String)
      org.openqa.selenium.NoSuchElementException: no such element: Unable to locate element: {"method":"xpath","selector":"//span[@text()='Male']"}
  (Session info: chrome=110.0.5481.100)
For documentation on this error, please visit: https://selenium.dev/exceptions/#no_such_element
Build info: version: '4.8.0', revision: '267030adea'
System info: os.name: 'Mac OS X', os.arch: 'x86_64', os.version: '13.2.1', java.version: '17.0.4'
Driver info: org.openqa.selenium.chrome.ChromeDriver
Command: [98f803d2e7d96d5ab9cd3f7d1ed71e2d, findElement {using=xpath, value=//span[@text()='Male']}]
Capabilities {acceptInsecureCerts: false, browserName: chrome, browserVersion: 110.0.5481.100, chrome: {chromedriverVersion: 110.0.5481.77 (65ed616c6e8e..., userDataDir: /var/folders/r7/gt5j4yqj5tz...}, goog:chromeOptions: {debuggerAddress: localhost:62838}, networkConnectionEnabled: false, pageLoadStrategy: normal, platformName: MAC, proxy: Proxy(), se:cdp: ws://localhost:62838/devtoo..., se:cdpVersion: 110.0.5481.100, setWindowRect: true, strictFileInteractability: false, timeouts: {implicit: 0, pageLoad: 300000, script: 30000}, unhandledPromptBehavior: dismiss and notify, webauthn:extension:credBlob: true, webauthn:extension:largeBlob: true, webauthn:virtualAuthenticators: true}
Session ID: 98f803d2e7d96d5ab9cd3f7d1ed71e2d
	at java.base/jdk.internal.reflect.NativeConstructorAccessorImpl.newInstance0(Native Method)
	at java.base/jdk.internal.reflect.NativeConstructorAccessorImpl.newInstance(NativeConstructorAccessorImpl.java:77)
	at java.base/jdk.internal.reflect.DelegatingConstructorAccessorImpl.newInstance(DelegatingConstructorAccessorImpl.java:45)
	at java.base/java.lang.reflect.Constructor.newInstanceWithCaller(Constructor.java:499)
	at java.base/java.lang.reflect.Constructor.newInstance(Constructor.java:480)
	at org.openqa.selenium.remote.codec.w3c.W3CHttpResponseCodec.createException(W3CHttpResponseCodec.java:200)
	at org.openqa.selenium.remote.codec.w3c.W3CHttpResponseCodec.decode(W3CHttpResponseCodec.java:133)
	at org.openqa.selenium.remote.codec.w3c.W3CHttpResponseCodec.decode(W3CHttpResponseCodec.java:53)
	at org.openqa.selenium.remote.HttpCommandExecutor.execute(HttpCommandExecutor.java:184)
	at org.openqa.selenium.remote.service.DriverCommandExecutor.invokeExecute(DriverCommandExecutor.java:167)
	at org.openqa.selenium.remote.service.DriverCommandExecutor.execute(DriverCommandExecutor.java:142)
	at org.openqa.selenium.remote.RemoteWebDriver.execute(RemoteWebDriver.java:543)
	at org.openqa.selenium.remote.ElementLocation$ElementFinder$2.findElement(ElementLocation.java:162)
	at org.openqa.selenium.remote.ElementLocation.findElement(ElementLocation.java:60)
	at org.openqa.selenium.remote.RemoteWebDriver.findElement(RemoteWebDriver.java:352)
	at org.openqa.selenium.remote.RemoteWebDriver.findElement(RemoteWebDriver.java:344)
	at com.neotech.steps.PersonalDetailsSteps.i_am_able_to_modify_employee_details(PersonalDetailsSteps.java:27)
	at ✽.I am able to modify Employee Details "N78787886", "2024-02-08", "No", "Male", "Argentinean"(file:///Users/kerimca/eclipse-workspace/KerimCucumberFramework4/src/test/resources/features/AddEmployeeWithPersonalDetails.feature:13)

  And I click on Personal Details Save                                                             # com.neotech.steps.PersonalDetailsSteps.i_click_on_personal_details_save()

    Embedding Add and Modify Employee Details [image/png 298200 bytes]

]]></system-out>
    <system-err><![CDATA[SLF4J: No SLF4J providers were found.
SLF4J: Defaulting to no-operation (NOP) logger implementation
SLF4J: See https://www.slf4j.org/codes.html#noProviders for further details.
ERROR StatusLogger Log4j2 could not find a logging implementation. Please add log4j-core to the classpath. Using SimpleLogger to log to the console...
Starting ChromeDriver 110.0.5481.77 (65ed616c6e8ee3fe0ad64fe83796c020644d42af-refs/branch-heads/5481@{#839}) on port 41513
Only local connections are allowed.
Please see https://chromedriver.chromium.org/security-considerations for suggestions on keeping ChromeDriver safe.
ChromeDriver was started successfully.
[1677352676.641][WARNING]: virtual void DevToolsClientImpl::AddListener(DevToolsEventListener *) subscribing a listener to the already connected DevToolsClient. Connection notification will not arrive.
Feb 25, 2023 11:17:57 AM org.openqa.selenium.devtools.CdpVersionFinder findNearestMatch
WARNING: Unable to find an exact match for CDP version 110, so returning the closest version found: 109
Feb 25, 2023 11:18:38 AM org.openqa.selenium.remote.http.WebSocket$Listener onError
WARNING: Connection reset
java.net.SocketException: Connection reset
	at java.base/sun.nio.ch.SocketChannelImpl.throwConnectionReset(SocketChannelImpl.java:394)
	at java.base/sun.nio.ch.SocketChannelImpl.read(SocketChannelImpl.java:426)
	at io.netty.buffer.PooledByteBuf.setBytes(PooledByteBuf.java:259)
	at io.netty.buffer.AbstractByteBuf.writeBytes(AbstractByteBuf.java:1132)
	at io.netty.channel.socket.nio.NioSocketChannel.doReadBytes(NioSocketChannel.java:357)
	at io.netty.channel.nio.AbstractNioByteChannel$NioByteUnsafe.read(AbstractNioByteChannel.java:151)
	at io.netty.channel.nio.NioEventLoop.processSelectedKey(NioEventLoop.java:788)
	at io.netty.channel.nio.NioEventLoop.processSelectedKeysOptimized(NioEventLoop.java:724)
	at io.netty.channel.nio.NioEventLoop.processSelectedKeys(NioEventLoop.java:650)
	at io.netty.channel.nio.NioEventLoop.run(NioEventLoop.java:562)
	at io.netty.util.concurrent.SingleThreadEventExecutor$4.run(SingleThreadEventExecutor.java:997)
	at io.netty.util.internal.ThreadExecutorMap$2.run(ThreadExecutorMap.java:74)
	at io.netty.util.concurrent.FastThreadLocalRunnable.run(FastThreadLocalRunnable.java:30)
	at java.base/java.lang.Thread.run(Thread.java:833)

]]></system-err>
  </testcase>
  <testcase name="Add and Modify Employee Details #2" classname="Add Employee With Personal Details" time="45.812">
    <error message="no such element: Unable to locate element: {&quot;method&quot;:&quot;xpath&quot;,&quot;selector&quot;:&quot;//span[@text()=&apos;Female&apos;]&quot;}&#10;  (Session info: chrome=110.0.5481.100)&#10;For documentation on this error, please visit: https://selenium.dev/exceptions/#no_such_element&#10;Build info: version: &apos;4.8.0&apos;, revision: &apos;267030adea&apos;&#10;System info: os.name: &apos;Mac OS X&apos;, os.arch: &apos;x86_64&apos;, os.version: &apos;13.2.1&apos;, java.version: &apos;17.0.4&apos;&#10;Driver info: org.openqa.selenium.chrome.ChromeDriver&#10;Command: [fe8e74c9994a4847dcb26ed61b0182cf, findElement {using=xpath, value=//span[@text()=&apos;Female&apos;]}]&#10;Capabilities {acceptInsecureCerts: false, browserName: chrome, browserVersion: 110.0.5481.100, chrome: {chromedriverVersion: 110.0.5481.77 (65ed616c6e8e..., userDataDir: /var/folders/r7/gt5j4yqj5tz...}, goog:chromeOptions: {debuggerAddress: localhost:62861}, networkConnectionEnabled: false, pageLoadStrategy: normal, platformName: MAC, proxy: Proxy(), se:cdp: ws://localhost:62861/devtoo..., se:cdpVersion: 110.0.5481.100, setWindowRect: true, strictFileInteractability: false, timeouts: {implicit: 0, pageLoad: 300000, script: 30000}, unhandledPromptBehavior: dismiss and notify, webauthn:extension:credBlob: true, webauthn:extension:largeBlob: true, webauthn:virtualAuthenticators: true}&#10;Session ID: fe8e74c9994a4847dcb26ed61b0182cf" type="org.openqa.selenium.NoSuchElementException"><![CDATA[org.openqa.selenium.NoSuchElementException: 
no such element: Unable to locate element: {"method":"xpath","selector":"//span[@text()='Female']"}
  (Session info: chrome=110.0.5481.100)
For documentation on this error, please visit: https://selenium.dev/exceptions/#no_such_element
Build info: version: '4.8.0', revision: '267030adea'
System info: os.name: 'Mac OS X', os.arch: 'x86_64', os.version: '13.2.1', java.version: '17.0.4'
Driver info: org.openqa.selenium.chrome.ChromeDriver
Command: [fe8e74c9994a4847dcb26ed61b0182cf, findElement {using=xpath, value=//span[@text()='Female']}]
Capabilities {acceptInsecureCerts: false, browserName: chrome, browserVersion: 110.0.5481.100, chrome: {chromedriverVersion: 110.0.5481.77 (65ed616c6e8e..., userDataDir: /var/folders/r7/gt5j4yqj5tz...}, goog:chromeOptions: {debuggerAddress: localhost:62861}, networkConnectionEnabled: false, pageLoadStrategy: normal, platformName: MAC, proxy: Proxy(), se:cdp: ws://localhost:62861/devtoo..., se:cdpVersion: 110.0.5481.100, setWindowRect: true, strictFileInteractability: false, timeouts: {implicit: 0, pageLoad: 300000, script: 30000}, unhandledPromptBehavior: dismiss and notify, webauthn:extension:credBlob: true, webauthn:extension:largeBlob: true, webauthn:virtualAuthenticators: true}
Session ID: fe8e74c9994a4847dcb26ed61b0182cf
	at java.base/jdk.internal.reflect.NativeConstructorAccessorImpl.newInstance0(Native Method)
	at java.base/jdk.internal.reflect.NativeConstructorAccessorImpl.newInstance(NativeConstructorAccessorImpl.java:77)
	at java.base/jdk.internal.reflect.DelegatingConstructorAccessorImpl.newInstance(DelegatingConstructorAccessorImpl.java:45)
	at java.base/java.lang.reflect.Constructor.newInstanceWithCaller(Constructor.java:499)
	at java.base/java.lang.reflect.Constructor.newInstance(Constructor.java:480)
	at org.openqa.selenium.remote.codec.w3c.W3CHttpResponseCodec.createException(W3CHttpResponseCodec.java:200)
	at org.openqa.selenium.remote.codec.w3c.W3CHttpResponseCodec.decode(W3CHttpResponseCodec.java:133)
	at org.openqa.selenium.remote.codec.w3c.W3CHttpResponseCodec.decode(W3CHttpResponseCodec.java:53)
	at org.openqa.selenium.remote.HttpCommandExecutor.execute(HttpCommandExecutor.java:184)
	at org.openqa.selenium.remote.service.DriverCommandExecutor.invokeExecute(DriverCommandExecutor.java:167)
	at org.openqa.selenium.remote.service.DriverCommandExecutor.execute(DriverCommandExecutor.java:142)
	at org.openqa.selenium.remote.RemoteWebDriver.execute(RemoteWebDriver.java:543)
	at org.openqa.selenium.remote.ElementLocation$ElementFinder$2.findElement(ElementLocation.java:162)
	at org.openqa.selenium.remote.ElementLocation.findElement(ElementLocation.java:60)
	at org.openqa.selenium.remote.RemoteWebDriver.findElement(RemoteWebDriver.java:352)
	at org.openqa.selenium.remote.RemoteWebDriver.findElement(RemoteWebDriver.java:344)
	at com.neotech.steps.PersonalDetailsSteps.i_am_able_to_modify_employee_details(PersonalDetailsSteps.java:27)
	at ✽.I am able to modify Employee Details "T55578855", "2023-05-10", "Yes", "Female", "American"(file:///Users/kerimca/eclipse-workspace/KerimCucumberFramework4/src/test/resources/features/AddEmployeeWithPersonalDetails.feature:13)
]]></error>
    <system-out><![CDATA[
@HW4 @regression
Scenario Outline: Add and Modify Employee Details                                                  # src/test/resources/features/AddEmployeeWithPersonalDetails.feature:19
  Given user is logged in with valid credentials                                                   # com.neotech.steps.LoginSteps.user_is_logged_in_with_valid_credentials()
  And user navigates to AddEmployee page                                                           # com.neotech.steps.AddEmployeeSteps.user_navigates_to_add_employee_page()
  When user enters employee first name "KKAngelina" and last name "Jolie"                          # com.neotech.steps.AddEmployeeSteps.user_enters_employee_first_name_and_last_name(java.lang.String,java.lang.String)
  And user selects a location                                                                      # com.neotech.steps.AddEmployeeSteps.user_selects_a_location()
  And user clicks on save button                                                                   # com.neotech.steps.AddEmployeeSteps.user_clicks_on_save_button()
  Then I am able to modify Employee Details "T55578855", "2023-05-10", "Yes", "Female", "American" # com.neotech.steps.PersonalDetailsSteps.i_am_able_to_modify_employee_details(java.lang.String,java.lang.String,java.lang.String,java.lang.String,java.lang.String)
      org.openqa.selenium.NoSuchElementException: no such element: Unable to locate element: {"method":"xpath","selector":"//span[@text()='Female']"}
  (Session info: chrome=110.0.5481.100)
For documentation on this error, please visit: https://selenium.dev/exceptions/#no_such_element
Build info: version: '4.8.0', revision: '267030adea'
System info: os.name: 'Mac OS X', os.arch: 'x86_64', os.version: '13.2.1', java.version: '17.0.4'
Driver info: org.openqa.selenium.chrome.ChromeDriver
Command: [fe8e74c9994a4847dcb26ed61b0182cf, findElement {using=xpath, value=//span[@text()='Female']}]
Capabilities {acceptInsecureCerts: false, browserName: chrome, browserVersion: 110.0.5481.100, chrome: {chromedriverVersion: 110.0.5481.77 (65ed616c6e8e..., userDataDir: /var/folders/r7/gt5j4yqj5tz...}, goog:chromeOptions: {debuggerAddress: localhost:62861}, networkConnectionEnabled: false, pageLoadStrategy: normal, platformName: MAC, proxy: Proxy(), se:cdp: ws://localhost:62861/devtoo..., se:cdpVersion: 110.0.5481.100, setWindowRect: true, strictFileInteractability: false, timeouts: {implicit: 0, pageLoad: 300000, script: 30000}, unhandledPromptBehavior: dismiss and notify, webauthn:extension:credBlob: true, webauthn:extension:largeBlob: true, webauthn:virtualAuthenticators: true}
Session ID: fe8e74c9994a4847dcb26ed61b0182cf
	at java.base/jdk.internal.reflect.NativeConstructorAccessorImpl.newInstance0(Native Method)
	at java.base/jdk.internal.reflect.NativeConstructorAccessorImpl.newInstance(NativeConstructorAccessorImpl.java:77)
	at java.base/jdk.internal.reflect.DelegatingConstructorAccessorImpl.newInstance(DelegatingConstructorAccessorImpl.java:45)
	at java.base/java.lang.reflect.Constructor.newInstanceWithCaller(Constructor.java:499)
	at java.base/java.lang.reflect.Constructor.newInstance(Constructor.java:480)
	at org.openqa.selenium.remote.codec.w3c.W3CHttpResponseCodec.createException(W3CHttpResponseCodec.java:200)
	at org.openqa.selenium.remote.codec.w3c.W3CHttpResponseCodec.decode(W3CHttpResponseCodec.java:133)
	at org.openqa.selenium.remote.codec.w3c.W3CHttpResponseCodec.decode(W3CHttpResponseCodec.java:53)
	at org.openqa.selenium.remote.HttpCommandExecutor.execute(HttpCommandExecutor.java:184)
	at org.openqa.selenium.remote.service.DriverCommandExecutor.invokeExecute(DriverCommandExecutor.java:167)
	at org.openqa.selenium.remote.service.DriverCommandExecutor.execute(DriverCommandExecutor.java:142)
	at org.openqa.selenium.remote.RemoteWebDriver.execute(RemoteWebDriver.java:543)
	at org.openqa.selenium.remote.ElementLocation$ElementFinder$2.findElement(ElementLocation.java:162)
	at org.openqa.selenium.remote.ElementLocation.findElement(ElementLocation.java:60)
	at org.openqa.selenium.remote.RemoteWebDriver.findElement(RemoteWebDriver.java:352)
	at org.openqa.selenium.remote.RemoteWebDriver.findElement(RemoteWebDriver.java:344)
	at com.neotech.steps.PersonalDetailsSteps.i_am_able_to_modify_employee_details(PersonalDetailsSteps.java:27)
	at ✽.I am able to modify Employee Details "T55578855", "2023-05-10", "Yes", "Female", "American"(file:///Users/kerimca/eclipse-workspace/KerimCucumberFramework4/src/test/resources/features/AddEmployeeWithPersonalDetails.feature:13)

  And I click on Personal Details Save                                                             # com.neotech.steps.PersonalDetailsSteps.i_click_on_personal_details_save()

    Embedding Add and Modify Employee Details [image/png 155446 bytes]

]]></system-out>
    <system-err><![CDATA[Starting ChromeDriver 110.0.5481.77 (65ed616c6e8ee3fe0ad64fe83796c020644d42af-refs/branch-heads/5481@{#839}) on port 1262
Only local connections are allowed.
Please see https://chromedriver.chromium.org/security-considerations for suggestions on keeping ChromeDriver safe.
ChromeDriver was started successfully.
[1677352720.031][WARNING]: virtual void DevToolsClientImpl::AddListener(DevToolsEventListener *) subscribing a listener to the already connected DevToolsClient. Connection notification will not arrive.
Feb 25, 2023 11:18:40 AM org.openqa.selenium.devtools.CdpVersionFinder findNearestMatch
WARNING: Unable to find an exact match for CDP version 110, so returning the closest version found: 109
]]></system-err>
  </testcase>
  <testcase name="Search for Employee by ID" classname="Search Employee" time="12.168">
    <system-out><![CDATA[
@searchEmployee @smoke @regression
Scenario: Search for Employee by ID              # src/test/resources/features/EmployeeSearch.feature:5
  Given user is logged in with valid credentials # com.neotech.steps.LoginSteps.user_is_logged_in_with_valid_credentials()
  And user navigates to employee list page       # com.neotech.steps.SearchEmployeeSteps.user_navigates_to_employee_list_page()
  When user enters valid employee id             # com.neotech.steps.SearchEmployeeSteps.user_enters_valid_employee_id()
  And clicks on search button                    # com.neotech.steps.SearchEmployeeSteps.clicks_on_search_button()
  Then employee information is displayed         # com.neotech.steps.SearchEmployeeSteps.employee_information_is_displayed()

    Embedding Search for Employee by ID [image/png 466721 bytes]

]]></system-out>
    <system-err><![CDATA[Starting ChromeDriver 110.0.5481.77 (65ed616c6e8ee3fe0ad64fe83796c020644d42af-refs/branch-heads/5481@{#839}) on port 17496
Only local connections are allowed.
Please see https://chromedriver.chromium.org/security-considerations for suggestions on keeping ChromeDriver safe.
ChromeDriver was started successfully.
[1677352765.703][WARNING]: virtual void DevToolsClientImpl::AddListener(DevToolsEventListener *) subscribing a listener to the already connected DevToolsClient. Connection notification will not arrive.
Feb 25, 2023 11:19:25 AM org.openqa.selenium.devtools.CdpVersionFinder findNearestMatch
WARNING: Unable to find an exact match for CDP version 110, so returning the closest version found: 109
]]></system-err>
  </testcase>
  <testcase name="Search for Employee by Name" classname="Search Employee" time="15.357">
    <system-out><![CDATA[
@searchEmployee @regression
Scenario: Search for Employee by Name                 # src/test/resources/features/EmployeeSearch.feature:13
  Given user is logged in with valid credentials      # com.neotech.steps.LoginSteps.user_is_logged_in_with_valid_credentials()
  And user navigates to employee list page            # com.neotech.steps.SearchEmployeeSteps.user_navigates_to_employee_list_page()
Yes it is displayed :)
  When user enters valid employee first and last name # com.neotech.steps.SearchEmployeeSteps.user_enters_valid_employee_first_and_last_name()
  And clicks on search button                         # com.neotech.steps.SearchEmployeeSteps.clicks_on_search_button()
  Then employee information is displayed              # com.neotech.steps.SearchEmployeeSteps.employee_information_is_displayed()

    Embedding Search for Employee by Name [image/png 245046 bytes]

]]></system-out>
    <system-err><![CDATA[Starting ChromeDriver 110.0.5481.77 (65ed616c6e8ee3fe0ad64fe83796c020644d42af-refs/branch-heads/5481@{#839}) on port 26618
Only local connections are allowed.
Please see https://chromedriver.chromium.org/security-considerations for suggestions on keeping ChromeDriver safe.
ChromeDriver was started successfully.
[1677352777.824][WARNING]: virtual void DevToolsClientImpl::AddListener(DevToolsEventListener *) subscribing a listener to the already connected DevToolsClient. Connection notification will not arrive.
Feb 25, 2023 11:19:37 AM org.openqa.selenium.devtools.CdpVersionFinder findNearestMatch
WARNING: Unable to find an exact match for CDP version 110, so returning the closest version found: 109
]]></system-err>
  </testcase>
  <testcase name="Valid Login" classname="Login Functionality" time="6.29">
    <system-out><![CDATA[
@smoke @regression
Scenario: Valid Login                 # src/test/resources/features/LoginToHRM.feature:4
  When I enter a valid username       # com.neotech.steps.LoginSteps.i_enter_a_valid_username()
  And I enter a valid password        # com.neotech.steps.LoginSteps.i_enter_a_valid_password()
  And I click on the login button     # com.neotech.steps.LoginSteps.i_click_on_the_login_button()
Test Passed
  Then I validate that I am logged in # com.neotech.steps.LoginSteps.i_validate_that_i_am_logged_in()

    Embedding Valid Login [image/png 95720 bytes]

]]></system-out>
    <system-err><![CDATA[Starting ChromeDriver 110.0.5481.77 (65ed616c6e8ee3fe0ad64fe83796c020644d42af-refs/branch-heads/5481@{#839}) on port 40349
Only local connections are allowed.
Please see https://chromedriver.chromium.org/security-considerations for suggestions on keeping ChromeDriver safe.
ChromeDriver was started successfully.
[1677352793.575][WARNING]: virtual void DevToolsClientImpl::AddListener(DevToolsEventListener *) subscribing a listener to the already connected DevToolsClient. Connection notification will not arrive.
Feb 25, 2023 11:19:53 AM org.openqa.selenium.devtools.CdpVersionFinder findNearestMatch
WARNING: Unable to find an exact match for CDP version 110, so returning the closest version found: 109
]]></system-err>
  </testcase>
  <testcase name="Invalid Password" classname="Login Functionality" time="6.409">
    <system-out><![CDATA[
@regression
Scenario: Invalid Password                              # src/test/resources/features/LoginToHRM.feature:13
  When I enter a valid username                         # com.neotech.steps.LoginSteps.i_enter_a_valid_username()
  And I enter an invalid password                       # com.neotech.steps.LoginSteps.i_enter_an_invalid_password()
  And I click on the login button                       # com.neotech.steps.LoginSteps.i_click_on_the_login_button()
Test Passed
  Then I validate that Invalid Credentials is displayed # com.neotech.steps.LoginSteps.i_validate_that_invalid_credentials_is_displayed()

    Embedding Invalid Password [image/png 71002 bytes]

]]></system-out>
    <system-err><![CDATA[Starting ChromeDriver 110.0.5481.77 (65ed616c6e8ee3fe0ad64fe83796c020644d42af-refs/branch-heads/5481@{#839}) on port 39889
Only local connections are allowed.
Please see https://chromedriver.chromium.org/security-considerations for suggestions on keeping ChromeDriver safe.
ChromeDriver was started successfully.
[1677352799.470][WARNING]: virtual void DevToolsClientImpl::AddListener(DevToolsEventListener *) subscribing a listener to the already connected DevToolsClient. Connection notification will not arrive.
Feb 25, 2023 11:19:59 AM org.openqa.selenium.devtools.CdpVersionFinder findNearestMatch
WARNING: Unable to find an exact match for CDP version 110, so returning the closest version found: 109
]]></system-err>
  </testcase>
</testsuite>